#-----------------------------------------------------------
# Vivado v2024.2 (64-bit)
# SW Build 5239630 on Fri Nov 08 22:35:27 MST 2024
# IP Build 5239520 on Sun Nov 10 16:12:51 MST 2024
# SharedData Build 5239561 on Fri Nov 08 14:39:27 MST 2024
# Start of session at: Fri Mar  7 00:20:53 2025
# Process ID         : 33064
# Current directory  : E:/Learing Doc/github/alu_homework
# Command line       : vivado.exe -gui_launcher_event rodinguilauncherevent23864 E:\Learing Doc\github\alu_homework\alu.xpr
# Log file           : E:/Learing Doc/github/alu_homework/vivado.log
# Journal file       : E:/Learing Doc/github/alu_homework\vivado.jou
# Running On         : LAPTOP-B446I18T
# Platform           : Windows Server 2016 or Windows 10
# Operating System   : 26100
# Processor Detail   : 12th Gen Intel(R) Core(TM) i9-12900H
# CPU Frequency      : 2918 MHz
# CPU Physical cores : 14
# CPU Logical cores  : 20
# Host memory        : 16890 MB
# Swap memory        : 10737 MB
# Total Virtual      : 27628 MB
# Available Virtual  : 3891 MB
#-----------------------------------------------------------
start_guopopen_project {E:/Learing Doc/github/alu_homework/alu.xpr}
INFO: [filemgmt 56-3] Default IP Output Path : Could not find the directory 'E:/Learing Doc/github/alu_homework/alu.gen/sources_1'.
Scanning sources...
Finished scanning sources
INFO: [IP_Flow 19-234] Refreshing IP repositories
INFO: [IP_Flow 19-1704] No user IP repositories specified
INFO: [IP_Flow 19-2313] Loaded Vivado IP repository 'E:/Xilinx/Vivado/2024.2/data/ip'.
open_project: Time (s): cpu = 00:00:17WARNING: [filemgmt 56-199] Attempt to get parsing info during refresh. "On-the-fly" syntax checking information may be incorrect. [E:\Learing Doc\github\alu_homework\alu.srcs\sources_1\imports\4_alu\alu.v:]
WARNING: [filemgmt 56-199] Attempt to get parsing info during refresh. "On-the-fly" syntax checking information may be incorrect. [E:\Learing Doc\github\alu_homework\alu.srcs\sources_1\imports\4_alu\adder.v:]
WARNING: [filemgmt 56-199] Attempt to get parsing info during refresh. "On-the-fly" syntax checking information may be incorrect. [E:\Learing Doc\github\alu_homework\alu.srcs\sources_1\imports\32bit_adder\32bit_adder.v:]
WARNING: [filemgmt 56-199] Attempt to get parsing info during refresh. "On-the-fly" syntax checking information may be incorrect. [E:\Learing Doc\github\alu_homework\alu.srcs\sources_1\imports\2_multiply\multiply.v:]
WARNING: [filemgmt 56-199] Attempt to get parsing info during refresh. "On-the-fly" syntax checking information may be incorrect. [E:\Learing Doc\github\alu_homework\alu.srcs\sources_1\imports\4_alu\alu_display.v:]
WARNING: [filemgmt 56-199] Attempt to get parsing info during refresh. "On-the-fly" syntax checking information may be incorrect. [E:\Learing Doc\github\alu_homework\alu.srcs\sources_1\imports\4_alu\adder.v:]
WARNING: [filemgmt 56-199] Attempt to get parsing info during refresh. "On-the-fly" syntax checking information may be incorrect. [E:\Learing Doc\github\alu_homework\alu.srcs\sources_1\imports\4_alu\adder.v:]
WARNING: [filemgmt 56-199] Attempt to get parsing info during refresh. "On-the-fly" syntax checking information may be incorrect. [E:\Learing Doc\github\alu_homework\alu.srcs\sources_1\imports\4_alu\alu.v:]
WARNING: [filemgmt 56-199] Attempt to get parsing info during refresh. "On-the-fly" syntax checking information may be incorrect. [E:\Learing Doc\github\alu_homework\alu.srcs\sources_1\imports\4_alu\adder.v:]
WARNING: [filemgmt 56-199] Attempt to get parsing info during refresh. "On-the-fly" syntax checking information may be incorrect. [E:\Learing Doc\github\alu_homework\alu.srcs\sources_1\imports\32bit_adder\32bit_adder.v:]
WARNING: [filemgmt 56-199] Attempt to get parsing info during refresh. "On-the-fly" syntax checking information may be incorrect. [E:\Learing Doc\github\alu_homework\alu.srcs\sources_1\imports\2_multiply\multiply.v:]
WARNING: [filemgmt 56-199] Attempt to get parsing info during refresh. "On-the-fly" syntax checking information may be incorrect. [E:\Learing Doc\github\alu_homework\alu.srcs\sources_1\imports\4_alu\alu_display.v:]
WARNING: [filemgmt 56-199] Attempt to get parsing info during refresh. "On-the-fly" syntax checking information may be incorrect. [E:\Learing Doc\github\alu_homework\alu.srcs\sources_1\imports\4_alu\alu.v:]
WARNING: [filemgmt 56-199] Attempt to get parsing info during refresh. "On-the-fly" syntax checking information may be incorrect. [E:\Learing Doc\github\alu_homework\alu.srcs\sources_1\imports\4_alu\alu.v:]
ERROR: [Common 17-180] Spawn failed: No error
WARNING: [filemgmt 56-199] Attempt to get parsing info during refresh. "On-the-fly" syntax checking information may be incorrect. [E:\Learing Doc\github\alu_homework\alu.srcs\sources_1\imports\4_alu\alu.v:]
WARNING: [filemgmt 56-199] Attempt to get parsing info during refresh. "On-the-fly" syntax checking information may be incorrect. [E:\Learing Doc\github\alu_homework\alu.srcs\sources_1\imports\4_alu\adder.v:]
WARNING: [filemgmt 56-199] Attempt to get parsing info during refresh. "On-the-fly" syntax checking information may be incorrect. [E:\Learing Doc\github\alu_homework\alu.srcs\sources_1\imports\32bit_adder\32bit_adder.v:]
WARNING: [filemgmt 56-199] Attempt to get parsing info during refresh. "On-the-fly" syntax checking information may be incorrect. [E:\Learing Doc\github\alu_homework\alu.srcs\sources_1\imports\2_multiply\multiply.v:]
WARNING: [filemgmt 56-199] Attempt to get parsing info during refresh. "On-the-fly" syntax checking information may be incorrect. [E:\Learing Doc\github\alu_homework\alu.srcs\sources_1\imports\4_alu\alu_display.v:]
WARNING: [filemgmt 56-199] Attempt to get parsing info during refresh. "On-the-fly" syntax checking information may be incorrect. [E:\Learing Doc\github\alu_homework\alu.srcs\sources_1\imports\4_alu\alu_display.v:]
WARNING: [filemgmt 56-199] Attempt to get parsing info during refresh. "On-the-fly" syntax checking information may be incorrect. [E:\Learing Doc\github\alu_homework\alu.srcs\sources_1\imports\4_alu\alu_display.v:]
ERROR: [Common 17-180] Spawn failed: No error
WARNING: [filemgmt 56-199] Attempt to get parsing info during refresh. "On-the-fly" syntax checking information may be incorrect. [E:\Learing Doc\github\alu_homework\alu.srcs\sources_1\imports\4_alu\alu.v:]
WARNING: [filemgmt 56-199] Attempt to get parsing info during refresh. "On-the-fly" syntax checking information may be incorrect. [E:\Learing Doc\github\alu_homework\alu.srcs\sources_1\imports\4_alu\adder.v:]
WARNING: [filemgmt 56-199] Attempt to get parsing info during refresh. "On-the-fly" syntax checking information may be incorrect. [E:\Learing Doc\github\alu_homework\alu.srcs\sources_1\imports\32bit_adder\32bit_adder.v:]
WARNING: [filemgmt 56-199] Attempt to get parsing info during refresh. "On-the-fly" syntax checking information may be incorrect. [E:\Learing Doc\github\alu_homework\alu.srcs\sources_1\imports\2_multiply\multiply.v:]
WARNING: [filemgmt 56-199] Attempt to get parsing info during refresh. "On-the-fly" syntax checking information may be incorrect. [E:\Learing Doc\github\alu_homework\alu.srcs\sources_1\imports\4_alu\alu_display.v:]
WARNING: [filemgmt 56-199] Attempt to get parsing info during refresh. "On-the-fly" syntax checking information may be incorrect. [E:\Learing Doc\github\alu_homework\alu.srcs\sources_1\imports\4_alu\adder.v:]
WARNING: [filemgmt 56-199] Attempt to get parsing info during refresh. "On-the-fly" syntax checking information may be incorrect. [E:\Learing Doc\github\alu_homework\alu.srcs\sources_1\imports\4_alu\adder.v:]
WARNING: [filemgmt 56-199] Attempt to get parsing info during refresh. "On-the-fly" syntax checking information may be incorrect. [E:\Learing Doc\github\alu_homework\alu.srcs\sources_1\imports\4_alu\alu.v:]
WARNING: [filemgmt 56-199] Attempt to get parsing info during refresh. "On-the-fly" syntax checking information may be incorrect. [E:\Learing Doc\github\alu_homework\alu.srcs\sources_1\imports\4_alu\adder.v:]
WARNING: [filemgmt 56-199] Attempt to get parsing info during refresh. "On-the-fly" syntax checking information may be incorrect. [E:\Learing Doc\github\alu_homework\alu.srcs\sources_1\imports\32bit_adder\32bit_adder.v:]
WARNING: [filemgmt 56-199] Attempt to get parsing info during refresh. "On-the-fly" syntax checking information may be incorrect. [E:\Learing Doc\github\alu_homework\alu.srcs\sources_1\imports\2_multiply\multiply.v:]
WARNING: [filemgmt 56-199] Attempt to get parsing info during refresh. "On-the-fly" syntax checking information may be incorrect. [E:\Learing Doc\github\alu_homework\alu.srcs\sources_1\imports\4_alu\alu_display.v:]
WARNING: [filemgmt 56-199] Attempt to get parsing info during refresh. "On-the-fly" syntax checking information may be incorrect. [E:\Learing Doc\github\alu_homework\alu.srcs\sources_1\imports\4_alu\alu.v:]
WARNING: [filemgmt 56-199] Attempt to get parsing info during refresh. "On-the-fly" syntax checking information may be incorrect. [E:\Learing Doc\github\alu_homework\alu.srcs\sources_1\imports\4_alu\alu.v:]
exit
ERROR: [Common 17-180] Spawn failed: No error
ERROR: [Common 17-180] Spawn failed: No error
ERROR: [Common 17-39] 'stop_gui' failed due to earlier errors.
INFO: [Common 17-206] Exiting Vivado at Fri Mar  7 00:37:55 2025...
