
*** Running vivado
    with args -log ALU_Display.vds -m64 -product Vivado -mode batch -messageDb vivado.pb -notrace -source ALU_Display.tcl



****** Vivado v2024.2 (64-bit)
  **** SW Build 5239630 on Fri Nov 08 22:35:27 MST 2024
  **** IP Build 5239520 on Sun Nov 10 16:12:51 MST 2024
  **** SharedData Build 5239561 on Fri Nov 08 14:39:27 MST 2024
  **** Start of session at: Sat Mar  8 17:36:26 2025
    ** Copyright 1986-2022 Xilinx, Inc. All Rights Reserved.
    ** Copyright 2022-2024 Advanced Micro Devices, Inc. All Rights Reserved.

source ALU_Display.tcl -notrace
Command: synth_design -top ALU_Display -part xc7a200tfbg676-2
Starting synth_design
Attempting to get a license for feature 'Synthesis' and/or device 'xc7a200t'
INFO: [Common 17-349] Got license for feature 'Synthesis' and/or device 'xc7a200t'
INFO: [Device 21-403] Loading part xc7a200tfbg676-2
INFO: [Synth 8-7079] Multithreading enabled for synth_design using a maximum of 2 processes.
INFO: [Synth 8-7078] Launching helper process for spawning children vivado processes
INFO: [Synth 8-7075] Helper process launched with PID 16848
---------------------------------------------------------------------------------
Starting RTL Elaboration : Time (s): cpu = 00:00:03 ; elapsed = 00:00:04 . Memory (MB): peak = 1074.344 ; gain = 468.410
---------------------------------------------------------------------------------
WARNING: [Synth 8-11121] redeclaration of ANSI port 'judge' is not allowed [C:/Users/91629/Desktop/32bit_ALU/32bit_ALU.srcs/sources_1/new/TruncateModule.v:16]
INFO: [Synth 8-6157] synthesizing module 'ALU_Display' [C:/Users/91629/Desktop/32bit_ALU/32bit_ALU.srcs/sources_1/new/ALU_32bit_Display.v:3]
INFO: [Synth 8-6157] synthesizing module 'ALU_32bit' [C:/Users/91629/Desktop/32bit_ALU/32bit_ALU.srcs/sources_1/new/ALUModule.v:3]
WARNING: [Synth 8-324] index 8 out of range [C:/Users/91629/Desktop/32bit_ALU/32bit_ALU.srcs/sources_1/new/ALUModule.v:348]
WARNING: [Synth 8-324] index 8 out of range [C:/Users/91629/Desktop/32bit_ALU/32bit_ALU.srcs/sources_1/new/ALUModule.v:349]
WARNING: [Synth 8-324] index 8 out of range [C:/Users/91629/Desktop/32bit_ALU/32bit_ALU.srcs/sources_1/new/ALUModule.v:350]
WARNING: [Synth 8-324] index 8 out of range [C:/Users/91629/Desktop/32bit_ALU/32bit_ALU.srcs/sources_1/new/ALUModule.v:351]
WARNING: [Synth 8-324] index 8 out of range [C:/Users/91629/Desktop/32bit_ALU/32bit_ALU.srcs/sources_1/new/ALUModule.v:352]
WARNING: [Synth 8-324] index 8 out of range [C:/Users/91629/Desktop/32bit_ALU/32bit_ALU.srcs/sources_1/new/ALUModule.v:353]
WARNING: [Synth 8-324] index 8 out of range [C:/Users/91629/Desktop/32bit_ALU/32bit_ALU.srcs/sources_1/new/ALUModule.v:354]
WARNING: [Synth 8-324] index 8 out of range [C:/Users/91629/Desktop/32bit_ALU/32bit_ALU.srcs/sources_1/new/ALUModule.v:355]
WARNING: [Synth 8-324] index 8 out of range [C:/Users/91629/Desktop/32bit_ALU/32bit_ALU.srcs/sources_1/new/ALUModule.v:356]
WARNING: [Synth 8-324] index 8 out of range [C:/Users/91629/Desktop/32bit_ALU/32bit_ALU.srcs/sources_1/new/ALUModule.v:357]
WARNING: [Synth 8-324] index 8 out of range [C:/Users/91629/Desktop/32bit_ALU/32bit_ALU.srcs/sources_1/new/ALUModule.v:358]
WARNING: [Synth 8-324] index 8 out of range [C:/Users/91629/Desktop/32bit_ALU/32bit_ALU.srcs/sources_1/new/ALUModule.v:359]
WARNING: [Synth 8-324] index 8 out of range [C:/Users/91629/Desktop/32bit_ALU/32bit_ALU.srcs/sources_1/new/ALUModule.v:360]
WARNING: [Synth 8-324] index 8 out of range [C:/Users/91629/Desktop/32bit_ALU/32bit_ALU.srcs/sources_1/new/ALUModule.v:361]
WARNING: [Synth 8-324] index 8 out of range [C:/Users/91629/Desktop/32bit_ALU/32bit_ALU.srcs/sources_1/new/ALUModule.v:362]
WARNING: [Synth 8-324] index 8 out of range [C:/Users/91629/Desktop/32bit_ALU/32bit_ALU.srcs/sources_1/new/ALUModule.v:363]
WARNING: [Synth 8-324] index 8 out of range [C:/Users/91629/Desktop/32bit_ALU/32bit_ALU.srcs/sources_1/new/ALUModule.v:364]
WARNING: [Synth 8-324] index 8 out of range [C:/Users/91629/Desktop/32bit_ALU/32bit_ALU.srcs/sources_1/new/ALUModule.v:365]
WARNING: [Synth 8-324] index 8 out of range [C:/Users/91629/Desktop/32bit_ALU/32bit_ALU.srcs/sources_1/new/ALUModule.v:366]
WARNING: [Synth 8-324] index 8 out of range [C:/Users/91629/Desktop/32bit_ALU/32bit_ALU.srcs/sources_1/new/ALUModule.v:367]
WARNING: [Synth 8-324] index 8 out of range [C:/Users/91629/Desktop/32bit_ALU/32bit_ALU.srcs/sources_1/new/ALUModule.v:368]
WARNING: [Synth 8-324] index 8 out of range [C:/Users/91629/Desktop/32bit_ALU/32bit_ALU.srcs/sources_1/new/ALUModule.v:369]
WARNING: [Synth 8-324] index 8 out of range [C:/Users/91629/Desktop/32bit_ALU/32bit_ALU.srcs/sources_1/new/ALUModule.v:370]
WARNING: [Synth 8-324] index 8 out of range [C:/Users/91629/Desktop/32bit_ALU/32bit_ALU.srcs/sources_1/new/ALUModule.v:371]
WARNING: [Synth 8-324] index 8 out of range [C:/Users/91629/Desktop/32bit_ALU/32bit_ALU.srcs/sources_1/new/ALUModule.v:372]
WARNING: [Synth 8-324] index 8 out of range [C:/Users/91629/Desktop/32bit_ALU/32bit_ALU.srcs/sources_1/new/ALUModule.v:373]
WARNING: [Synth 8-324] index 8 out of range [C:/Users/91629/Desktop/32bit_ALU/32bit_ALU.srcs/sources_1/new/ALUModule.v:374]
WARNING: [Synth 8-324] index 8 out of range [C:/Users/91629/Desktop/32bit_ALU/32bit_ALU.srcs/sources_1/new/ALUModule.v:375]
WARNING: [Synth 8-324] index 8 out of range [C:/Users/91629/Desktop/32bit_ALU/32bit_ALU.srcs/sources_1/new/ALUModule.v:376]
WARNING: [Synth 8-324] index 8 out of range [C:/Users/91629/Desktop/32bit_ALU/32bit_ALU.srcs/sources_1/new/ALUModule.v:377]
WARNING: [Synth 8-324] index 8 out of range [C:/Users/91629/Desktop/32bit_ALU/32bit_ALU.srcs/sources_1/new/ALUModule.v:378]
WARNING: [Synth 8-324] index 8 out of range [C:/Users/91629/Desktop/32bit_ALU/32bit_ALU.srcs/sources_1/new/ALUModule.v:379]
WARNING: [Synth 8-324] index 9 out of range [C:/Users/91629/Desktop/32bit_ALU/32bit_ALU.srcs/sources_1/new/ALUModule.v:385]
WARNING: [Synth 8-324] index 9 out of range [C:/Users/91629/Desktop/32bit_ALU/32bit_ALU.srcs/sources_1/new/ALUModule.v:386]
WARNING: [Synth 8-324] index 9 out of range [C:/Users/91629/Desktop/32bit_ALU/32bit_ALU.srcs/sources_1/new/ALUModule.v:387]
WARNING: [Synth 8-324] index 9 out of range [C:/Users/91629/Desktop/32bit_ALU/32bit_ALU.srcs/sources_1/new/ALUModule.v:388]
WARNING: [Synth 8-324] index 9 out of range [C:/Users/91629/Desktop/32bit_ALU/32bit_ALU.srcs/sources_1/new/ALUModule.v:389]
WARNING: [Synth 8-324] index 9 out of range [C:/Users/91629/Desktop/32bit_ALU/32bit_ALU.srcs/sources_1/new/ALUModule.v:390]
WARNING: [Synth 8-324] index 9 out of range [C:/Users/91629/Desktop/32bit_ALU/32bit_ALU.srcs/sources_1/new/ALUModule.v:391]
WARNING: [Synth 8-324] index 9 out of range [C:/Users/91629/Desktop/32bit_ALU/32bit_ALU.srcs/sources_1/new/ALUModule.v:392]
WARNING: [Synth 8-324] index 9 out of range [C:/Users/91629/Desktop/32bit_ALU/32bit_ALU.srcs/sources_1/new/ALUModule.v:393]
WARNING: [Synth 8-324] index 9 out of range [C:/Users/91629/Desktop/32bit_ALU/32bit_ALU.srcs/sources_1/new/ALUModule.v:394]
WARNING: [Synth 8-324] index 9 out of range [C:/Users/91629/Desktop/32bit_ALU/32bit_ALU.srcs/sources_1/new/ALUModule.v:395]
WARNING: [Synth 8-324] index 9 out of range [C:/Users/91629/Desktop/32bit_ALU/32bit_ALU.srcs/sources_1/new/ALUModule.v:396]
WARNING: [Synth 8-324] index 9 out of range [C:/Users/91629/Desktop/32bit_ALU/32bit_ALU.srcs/sources_1/new/ALUModule.v:397]
WARNING: [Synth 8-324] index 9 out of range [C:/Users/91629/Desktop/32bit_ALU/32bit_ALU.srcs/sources_1/new/ALUModule.v:398]
WARNING: [Synth 8-324] index 9 out of range [C:/Users/91629/Desktop/32bit_ALU/32bit_ALU.srcs/sources_1/new/ALUModule.v:399]
WARNING: [Synth 8-324] index 9 out of range [C:/Users/91629/Desktop/32bit_ALU/32bit_ALU.srcs/sources_1/new/ALUModule.v:400]
WARNING: [Synth 8-324] index 9 out of range [C:/Users/91629/Desktop/32bit_ALU/32bit_ALU.srcs/sources_1/new/ALUModule.v:401]
WARNING: [Synth 8-324] index 9 out of range [C:/Users/91629/Desktop/32bit_ALU/32bit_ALU.srcs/sources_1/new/ALUModule.v:402]
WARNING: [Synth 8-324] index 9 out of range [C:/Users/91629/Desktop/32bit_ALU/32bit_ALU.srcs/sources_1/new/ALUModule.v:403]
WARNING: [Synth 8-324] index 9 out of range [C:/Users/91629/Desktop/32bit_ALU/32bit_ALU.srcs/sources_1/new/ALUModule.v:404]
WARNING: [Synth 8-324] index 9 out of range [C:/Users/91629/Desktop/32bit_ALU/32bit_ALU.srcs/sources_1/new/ALUModule.v:405]
WARNING: [Synth 8-324] index 9 out of range [C:/Users/91629/Desktop/32bit_ALU/32bit_ALU.srcs/sources_1/new/ALUModule.v:406]
WARNING: [Synth 8-324] index 9 out of range [C:/Users/91629/Desktop/32bit_ALU/32bit_ALU.srcs/sources_1/new/ALUModule.v:407]
WARNING: [Synth 8-324] index 9 out of range [C:/Users/91629/Desktop/32bit_ALU/32bit_ALU.srcs/sources_1/new/ALUModule.v:408]
WARNING: [Synth 8-324] index 9 out of range [C:/Users/91629/Desktop/32bit_ALU/32bit_ALU.srcs/sources_1/new/ALUModule.v:409]
WARNING: [Synth 8-324] index 9 out of range [C:/Users/91629/Desktop/32bit_ALU/32bit_ALU.srcs/sources_1/new/ALUModule.v:410]
WARNING: [Synth 8-324] index 9 out of range [C:/Users/91629/Desktop/32bit_ALU/32bit_ALU.srcs/sources_1/new/ALUModule.v:411]
WARNING: [Synth 8-324] index 9 out of range [C:/Users/91629/Desktop/32bit_ALU/32bit_ALU.srcs/sources_1/new/ALUModule.v:412]
WARNING: [Synth 8-324] index 9 out of range [C:/Users/91629/Desktop/32bit_ALU/32bit_ALU.srcs/sources_1/new/ALUModule.v:413]
WARNING: [Synth 8-324] index 9 out of range [C:/Users/91629/Desktop/32bit_ALU/32bit_ALU.srcs/sources_1/new/ALUModule.v:414]
WARNING: [Synth 8-324] index 9 out of range [C:/Users/91629/Desktop/32bit_ALU/32bit_ALU.srcs/sources_1/new/ALUModule.v:415]
WARNING: [Synth 8-324] index 9 out of range [C:/Users/91629/Desktop/32bit_ALU/32bit_ALU.srcs/sources_1/new/ALUModule.v:416]
WARNING: [Synth 8-324] index 10 out of range [C:/Users/91629/Desktop/32bit_ALU/32bit_ALU.srcs/sources_1/new/ALUModule.v:422]
WARNING: [Synth 8-324] index 10 out of range [C:/Users/91629/Desktop/32bit_ALU/32bit_ALU.srcs/sources_1/new/ALUModule.v:423]
WARNING: [Synth 8-324] index 10 out of range [C:/Users/91629/Desktop/32bit_ALU/32bit_ALU.srcs/sources_1/new/ALUModule.v:424]
WARNING: [Synth 8-324] index 10 out of range [C:/Users/91629/Desktop/32bit_ALU/32bit_ALU.srcs/sources_1/new/ALUModule.v:425]
WARNING: [Synth 8-324] index 10 out of range [C:/Users/91629/Desktop/32bit_ALU/32bit_ALU.srcs/sources_1/new/ALUModule.v:426]
WARNING: [Synth 8-324] index 10 out of range [C:/Users/91629/Desktop/32bit_ALU/32bit_ALU.srcs/sources_1/new/ALUModule.v:427]
WARNING: [Synth 8-324] index 10 out of range [C:/Users/91629/Desktop/32bit_ALU/32bit_ALU.srcs/sources_1/new/ALUModule.v:428]
WARNING: [Synth 8-324] index 10 out of range [C:/Users/91629/Desktop/32bit_ALU/32bit_ALU.srcs/sources_1/new/ALUModule.v:429]
WARNING: [Synth 8-324] index 10 out of range [C:/Users/91629/Desktop/32bit_ALU/32bit_ALU.srcs/sources_1/new/ALUModule.v:430]
WARNING: [Synth 8-324] index 10 out of range [C:/Users/91629/Desktop/32bit_ALU/32bit_ALU.srcs/sources_1/new/ALUModule.v:431]
WARNING: [Synth 8-324] index 10 out of range [C:/Users/91629/Desktop/32bit_ALU/32bit_ALU.srcs/sources_1/new/ALUModule.v:432]
WARNING: [Synth 8-324] index 10 out of range [C:/Users/91629/Desktop/32bit_ALU/32bit_ALU.srcs/sources_1/new/ALUModule.v:433]
WARNING: [Synth 8-324] index 10 out of range [C:/Users/91629/Desktop/32bit_ALU/32bit_ALU.srcs/sources_1/new/ALUModule.v:434]
WARNING: [Synth 8-324] index 10 out of range [C:/Users/91629/Desktop/32bit_ALU/32bit_ALU.srcs/sources_1/new/ALUModule.v:435]
WARNING: [Synth 8-324] index 10 out of range [C:/Users/91629/Desktop/32bit_ALU/32bit_ALU.srcs/sources_1/new/ALUModule.v:436]
WARNING: [Synth 8-324] index 10 out of range [C:/Users/91629/Desktop/32bit_ALU/32bit_ALU.srcs/sources_1/new/ALUModule.v:437]
WARNING: [Synth 8-324] index 10 out of range [C:/Users/91629/Desktop/32bit_ALU/32bit_ALU.srcs/sources_1/new/ALUModule.v:438]
WARNING: [Synth 8-324] index 10 out of range [C:/Users/91629/Desktop/32bit_ALU/32bit_ALU.srcs/sources_1/new/ALUModule.v:439]
WARNING: [Synth 8-324] index 10 out of range [C:/Users/91629/Desktop/32bit_ALU/32bit_ALU.srcs/sources_1/new/ALUModule.v:440]
WARNING: [Synth 8-324] index 10 out of range [C:/Users/91629/Desktop/32bit_ALU/32bit_ALU.srcs/sources_1/new/ALUModule.v:441]
WARNING: [Synth 8-324] index 10 out of range [C:/Users/91629/Desktop/32bit_ALU/32bit_ALU.srcs/sources_1/new/ALUModule.v:442]
WARNING: [Synth 8-324] index 10 out of range [C:/Users/91629/Desktop/32bit_ALU/32bit_ALU.srcs/sources_1/new/ALUModule.v:443]
WARNING: [Synth 8-324] index 10 out of range [C:/Users/91629/Desktop/32bit_ALU/32bit_ALU.srcs/sources_1/new/ALUModule.v:444]
WARNING: [Synth 8-324] index 10 out of range [C:/Users/91629/Desktop/32bit_ALU/32bit_ALU.srcs/sources_1/new/ALUModule.v:445]
WARNING: [Synth 8-324] index 10 out of range [C:/Users/91629/Desktop/32bit_ALU/32bit_ALU.srcs/sources_1/new/ALUModule.v:446]
WARNING: [Synth 8-324] index 10 out of range [C:/Users/91629/Desktop/32bit_ALU/32bit_ALU.srcs/sources_1/new/ALUModule.v:447]
WARNING: [Synth 8-324] index 10 out of range [C:/Users/91629/Desktop/32bit_ALU/32bit_ALU.srcs/sources_1/new/ALUModule.v:448]
WARNING: [Synth 8-324] index 10 out of range [C:/Users/91629/Desktop/32bit_ALU/32bit_ALU.srcs/sources_1/new/ALUModule.v:449]
WARNING: [Synth 8-324] index 10 out of range [C:/Users/91629/Desktop/32bit_ALU/32bit_ALU.srcs/sources_1/new/ALUModule.v:450]
WARNING: [Synth 8-324] index 10 out of range [C:/Users/91629/Desktop/32bit_ALU/32bit_ALU.srcs/sources_1/new/ALUModule.v:451]
WARNING: [Synth 8-324] index 10 out of range [C:/Users/91629/Desktop/32bit_ALU/32bit_ALU.srcs/sources_1/new/ALUModule.v:452]
WARNING: [Synth 8-324] index 10 out of range [C:/Users/91629/Desktop/32bit_ALU/32bit_ALU.srcs/sources_1/new/ALUModule.v:453]
WARNING: [Synth 8-324] index 11 out of range [C:/Users/91629/Desktop/32bit_ALU/32bit_ALU.srcs/sources_1/new/ALUModule.v:459]
WARNING: [Synth 8-324] index 11 out of range [C:/Users/91629/Desktop/32bit_ALU/32bit_ALU.srcs/sources_1/new/ALUModule.v:460]
WARNING: [Synth 8-324] index 11 out of range [C:/Users/91629/Desktop/32bit_ALU/32bit_ALU.srcs/sources_1/new/ALUModule.v:461]
WARNING: [Synth 8-324] index 11 out of range [C:/Users/91629/Desktop/32bit_ALU/32bit_ALU.srcs/sources_1/new/ALUModule.v:462]
INFO: [Common 17-14] Message 'Synth 8-324' appears 100 times and further instances of the messages will be disabled. Use the Tcl command set_msg_config to change the current settings.
INFO: [Synth 8-6157] synthesizing module 'Decoder_3To8' [C:/Users/91629/Desktop/32bit_ALU/32bit_ALU.srcs/sources_1/new/DecoderModule.v:4]
INFO: [Synth 8-6155] done synthesizing module 'Decoder_3To8' (0#1) [C:/Users/91629/Desktop/32bit_ALU/32bit_ALU.srcs/sources_1/new/DecoderModule.v:4]
INFO: [Synth 8-6157] synthesizing module 'CLA_Add_32bit' [C:/Users/91629/Desktop/32bit_ALU/32bit_ALU.srcs/sources_1/new/AdderModule.v:172]
INFO: [Synth 8-6157] synthesizing module 'CLA_Add_16bit' [C:/Users/91629/Desktop/32bit_ALU/32bit_ALU.srcs/sources_1/new/AdderModule.v:112]
INFO: [Synth 8-6157] synthesizing module 'CLA_Add_4bit' [C:/Users/91629/Desktop/32bit_ALU/32bit_ALU.srcs/sources_1/new/AdderModule.v:52]
INFO: [Synth 8-6157] synthesizing module 'Add_1bit' [C:/Users/91629/Desktop/32bit_ALU/32bit_ALU.srcs/sources_1/new/AdderModule.v:3]
INFO: [Synth 8-6155] done synthesizing module 'Add_1bit' (0#1) [C:/Users/91629/Desktop/32bit_ALU/32bit_ALU.srcs/sources_1/new/AdderModule.v:3]
INFO: [Synth 8-6157] synthesizing module 'CLA_4bit' [C:/Users/91629/Desktop/32bit_ALU/32bit_ALU.srcs/sources_1/new/AdderModule.v:18]
INFO: [Synth 8-6155] done synthesizing module 'CLA_4bit' (0#1) [C:/Users/91629/Desktop/32bit_ALU/32bit_ALU.srcs/sources_1/new/AdderModule.v:18]
INFO: [Synth 8-6155] done synthesizing module 'CLA_Add_4bit' (0#1) [C:/Users/91629/Desktop/32bit_ALU/32bit_ALU.srcs/sources_1/new/AdderModule.v:52]
INFO: [Synth 8-6155] done synthesizing module 'CLA_Add_16bit' (0#1) [C:/Users/91629/Desktop/32bit_ALU/32bit_ALU.srcs/sources_1/new/AdderModule.v:112]
INFO: [Synth 8-6155] done synthesizing module 'CLA_Add_32bit' (0#1) [C:/Users/91629/Desktop/32bit_ALU/32bit_ALU.srcs/sources_1/new/AdderModule.v:172]
INFO: [Synth 8-6157] synthesizing module 'shifter_32bit' [C:/Users/91629/Desktop/32bit_ALU/32bit_ALU.srcs/sources_1/new/ShiftModule.v:1125]
INFO: [Synth 8-6157] synthesizing module 'shifter_1bit' [C:/Users/91629/Desktop/32bit_ALU/32bit_ALU.srcs/sources_1/new/ShiftModule.v:3]
INFO: [Synth 8-6157] synthesizing module 'Decoder_2To4' [C:/Users/91629/Desktop/32bit_ALU/32bit_ALU.srcs/sources_1/new/DecoderModule.v:26]
INFO: [Synth 8-6155] done synthesizing module 'Decoder_2To4' (0#1) [C:/Users/91629/Desktop/32bit_ALU/32bit_ALU.srcs/sources_1/new/DecoderModule.v:26]
INFO: [Synth 8-6155] done synthesizing module 'shifter_1bit' (0#1) [C:/Users/91629/Desktop/32bit_ALU/32bit_ALU.srcs/sources_1/new/ShiftModule.v:3]
INFO: [Synth 8-6157] synthesizing module 'shifter_2bit' [C:/Users/91629/Desktop/32bit_ALU/32bit_ALU.srcs/sources_1/new/ShiftModule.v:227]
INFO: [Synth 8-6155] done synthesizing module 'shifter_2bit' (0#1) [C:/Users/91629/Desktop/32bit_ALU/32bit_ALU.srcs/sources_1/new/ShiftModule.v:227]
INFO: [Synth 8-6157] synthesizing module 'shifter_4bit' [C:/Users/91629/Desktop/32bit_ALU/32bit_ALU.srcs/sources_1/new/ShiftModule.v:451]
INFO: [Synth 8-6155] done synthesizing module 'shifter_4bit' (0#1) [C:/Users/91629/Desktop/32bit_ALU/32bit_ALU.srcs/sources_1/new/ShiftModule.v:451]
INFO: [Synth 8-6157] synthesizing module 'shifter_8bit' [C:/Users/91629/Desktop/32bit_ALU/32bit_ALU.srcs/sources_1/new/ShiftModule.v:675]
INFO: [Synth 8-6155] done synthesizing module 'shifter_8bit' (0#1) [C:/Users/91629/Desktop/32bit_ALU/32bit_ALU.srcs/sources_1/new/ShiftModule.v:675]
INFO: [Synth 8-6157] synthesizing module 'shifter_16bit' [C:/Users/91629/Desktop/32bit_ALU/32bit_ALU.srcs/sources_1/new/ShiftModule.v:899]
INFO: [Synth 8-6155] done synthesizing module 'shifter_16bit' (0#1) [C:/Users/91629/Desktop/32bit_ALU/32bit_ALU.srcs/sources_1/new/ShiftModule.v:899]
INFO: [Synth 8-6155] done synthesizing module 'shifter_32bit' (0#1) [C:/Users/91629/Desktop/32bit_ALU/32bit_ALU.srcs/sources_1/new/ShiftModule.v:1125]
INFO: [Synth 8-6157] synthesizing module 'Truncate_32bit' [C:/Users/91629/Desktop/32bit_ALU/32bit_ALU.srcs/sources_1/new/TruncateModule.v:207]
INFO: [Synth 8-6157] synthesizing module 'Cut_decoder' [C:/Users/91629/Desktop/32bit_ALU/32bit_ALU.srcs/sources_1/new/TruncateModule.v:3]
INFO: [Synth 8-6155] done synthesizing module 'Cut_decoder' (0#1) [C:/Users/91629/Desktop/32bit_ALU/32bit_ALU.srcs/sources_1/new/TruncateModule.v:3]
INFO: [Synth 8-6157] synthesizing module 'CutL' [C:/Users/91629/Desktop/32bit_ALU/32bit_ALU.srcs/sources_1/new/TruncateModule.v:51]
INFO: [Synth 8-6155] done synthesizing module 'CutL' (0#1) [C:/Users/91629/Desktop/32bit_ALU/32bit_ALU.srcs/sources_1/new/TruncateModule.v:51]
INFO: [Synth 8-6157] synthesizing module 'CutR' [C:/Users/91629/Desktop/32bit_ALU/32bit_ALU.srcs/sources_1/new/TruncateModule.v:129]
INFO: [Synth 8-6155] done synthesizing module 'CutR' (0#1) [C:/Users/91629/Desktop/32bit_ALU/32bit_ALU.srcs/sources_1/new/TruncateModule.v:129]
INFO: [Synth 8-6155] done synthesizing module 'Truncate_32bit' (0#1) [C:/Users/91629/Desktop/32bit_ALU/32bit_ALU.srcs/sources_1/new/TruncateModule.v:207]
INFO: [Synth 8-6157] synthesizing module 'And_32bit' [C:/Users/91629/Desktop/32bit_ALU/32bit_ALU.srcs/sources_1/new/AndModule.v:3]
INFO: [Synth 8-6155] done synthesizing module 'And_32bit' (0#1) [C:/Users/91629/Desktop/32bit_ALU/32bit_ALU.srcs/sources_1/new/AndModule.v:3]
INFO: [Synth 8-6157] synthesizing module 'Or_32bit' [C:/Users/91629/Desktop/32bit_ALU/32bit_ALU.srcs/sources_1/new/OrModule.v:3]
INFO: [Synth 8-6155] done synthesizing module 'Or_32bit' (0#1) [C:/Users/91629/Desktop/32bit_ALU/32bit_ALU.srcs/sources_1/new/OrModule.v:3]
INFO: [Synth 8-6157] synthesizing module 'Not_32bit' [C:/Users/91629/Desktop/32bit_ALU/32bit_ALU.srcs/sources_1/new/NotModule.v:3]
INFO: [Synth 8-6155] done synthesizing module 'Not_32bit' (0#1) [C:/Users/91629/Desktop/32bit_ALU/32bit_ALU.srcs/sources_1/new/NotModule.v:3]
INFO: [Synth 8-6157] synthesizing module 'Xor_32bit' [C:/Users/91629/Desktop/32bit_ALU/32bit_ALU.srcs/sources_1/new/XorModule.v:23]
INFO: [Synth 8-6155] done synthesizing module 'Xor_32bit' (0#1) [C:/Users/91629/Desktop/32bit_ALU/32bit_ALU.srcs/sources_1/new/XorModule.v:23]
INFO: [Synth 8-6155] done synthesizing module 'ALU_32bit' (0#1) [C:/Users/91629/Desktop/32bit_ALU/32bit_ALU.srcs/sources_1/new/ALUModule.v:3]
INFO: [Synth 8-6157] synthesizing module 'lcd_module' [C:/Users/91629/Desktop/32bit_ALU/32bit_ALU.runs/synth_1/.Xil/Vivado-4264-wangzhangzhuo/realtime/lcd_module_stub.v:6]
INFO: [Synth 8-6155] done synthesizing module 'lcd_module' (0#1) [C:/Users/91629/Desktop/32bit_ALU/32bit_ALU.runs/synth_1/.Xil/Vivado-4264-wangzhangzhuo/realtime/lcd_module_stub.v:6]
INFO: [Synth 8-6155] done synthesizing module 'ALU_Display' (0#1) [C:/Users/91629/Desktop/32bit_ALU/32bit_ALU.srcs/sources_1/new/ALU_32bit_Display.v:3]
---------------------------------------------------------------------------------
Finished RTL Elaboration : Time (s): cpu = 00:00:05 ; elapsed = 00:00:05 . Memory (MB): peak = 1217.586 ; gain = 611.652
---------------------------------------------------------------------------------
---------------------------------------------------------------------------------
Start Handling Custom Attributes
---------------------------------------------------------------------------------
---------------------------------------------------------------------------------
Finished Handling Custom Attributes : Time (s): cpu = 00:00:05 ; elapsed = 00:00:05 . Memory (MB): peak = 1217.586 ; gain = 611.652
---------------------------------------------------------------------------------
---------------------------------------------------------------------------------
Finished RTL Optimization Phase 1 : Time (s): cpu = 00:00:05 ; elapsed = 00:00:05 . Memory (MB): peak = 1217.586 ; gain = 611.652
---------------------------------------------------------------------------------
Netlist sorting complete. Time (s): cpu = 00:00:00 ; elapsed = 00:00:00.022 . Memory (MB): peak = 1217.586 ; gain = 0.000
INFO: [Project 1-570] Preparing netlist for logic optimization

Processing XDC Constraints
Initializing timing engine
Parsing XDC File [C:/Users/91629/Desktop/32bit_ALU/32bit_ALU.srcs/constrs_1/new/ALU_32bit.xdc]
Finished Parsing XDC File [C:/Users/91629/Desktop/32bit_ALU/32bit_ALU.srcs/constrs_1/new/ALU_32bit.xdc]
INFO: [Project 1-236] Implementation specific constraints were found while reading constraint file [C:/Users/91629/Desktop/32bit_ALU/32bit_ALU.srcs/constrs_1/new/ALU_32bit.xdc]. These constraints will be ignored for synthesis but will be used in implementation. Impacted constraints are listed in the file [.Xil/ALU_Display_propImpl.xdc].
Resolution: To avoid this warning, move constraints listed in [.Xil/ALU_Display_propImpl.xdc] to another XDC file and exclude this new file from synthesis with the used_in_synthesis property (File Properties dialog in GUI) and re-run elaboration/synthesis.
Completed Processing XDC Constraints

Netlist sorting complete. Time (s): cpu = 00:00:00 ; elapsed = 00:00:00.001 . Memory (MB): peak = 1304.031 ; gain = 0.000
INFO: [Project 1-111] Unisim Transformation Summary:
No Unisim elements were transformed.

Constraint Validation Runtime : Time (s): cpu = 00:00:00 ; elapsed = 00:00:00.006 . Memory (MB): peak = 1304.031 ; gain = 0.000
---------------------------------------------------------------------------------
Finished Constraint Validation : Time (s): cpu = 00:00:11 ; elapsed = 00:00:11 . Memory (MB): peak = 1304.031 ; gain = 698.098
---------------------------------------------------------------------------------
---------------------------------------------------------------------------------
Start Loading Part and Timing Information
---------------------------------------------------------------------------------
Loading part: xc7a200tfbg676-2
---------------------------------------------------------------------------------
Finished Loading Part and Timing Information : Time (s): cpu = 00:00:11 ; elapsed = 00:00:11 . Memory (MB): peak = 1304.031 ; gain = 698.098
---------------------------------------------------------------------------------
---------------------------------------------------------------------------------
Start Applying 'set_property' XDC Constraints
---------------------------------------------------------------------------------
---------------------------------------------------------------------------------
Finished applying 'set_property' XDC Constraints : Time (s): cpu = 00:00:11 ; elapsed = 00:00:12 . Memory (MB): peak = 1304.031 ; gain = 698.098
---------------------------------------------------------------------------------
---------------------------------------------------------------------------------
Finished RTL Optimization Phase 2 : Time (s): cpu = 00:00:11 ; elapsed = 00:00:12 . Memory (MB): peak = 1304.031 ; gain = 698.098
---------------------------------------------------------------------------------
---------------------------------------------------------------------------------
Start RTL Component Statistics 
---------------------------------------------------------------------------------
Detailed RTL Component Info : 
+---XORs : 
	   3 Input      1 Bit         XORs := 32    
	   2 Input      1 Bit         XORs := 32    
+---Registers : 
	               40 Bit    Registers := 1     
	               32 Bit    Registers := 3     
	                5 Bit    Registers := 1     
	                3 Bit    Registers := 1     
	                2 Bit    Registers := 1     
	                1 Bit    Registers := 1     
+---Multipliers : 
	              32x32  Multipliers := 1     
+---Muxes : 
	   2 Input   39 Bit        Muxes := 1     
	   2 Input   32 Bit        Muxes := 1     
	   2 Input    1 Bit        Muxes := 1     
	  13 Input    1 Bit        Muxes := 1     
---------------------------------------------------------------------------------
Finished RTL Component Statistics 
---------------------------------------------------------------------------------
---------------------------------------------------------------------------------
Start Part Resource Summary
---------------------------------------------------------------------------------
Part Resources:
DSPs: 740 (col length:100)
BRAMs: 730 (col length: RAMB18 100 RAMB36 50)
---------------------------------------------------------------------------------
Finished Part Resource Summary
---------------------------------------------------------------------------------
---------------------------------------------------------------------------------
Start Cross Boundary and Area Optimization
---------------------------------------------------------------------------------
WARNING: [Synth 8-7080] Parallel synthesis criteria is not met
DSP Report: Generating DSP display_value0, operation Mode is: A2*B.
DSP Report: register display_value0 is absorbed into DSP display_value0.
DSP Report: operator display_value0 is absorbed into DSP display_value0.
DSP Report: operator display_value0 is absorbed into DSP display_value0.
DSP Report: Generating DSP display_value0, operation Mode is: (PCIN>>17)+A*B.
DSP Report: operator display_value0 is absorbed into DSP display_value0.
DSP Report: operator display_value0 is absorbed into DSP display_value0.
DSP Report: Generating DSP display_value0, operation Mode is: A2*B2.
DSP Report: register display_value0 is absorbed into DSP display_value0.
DSP Report: register display_value0 is absorbed into DSP display_value0.
DSP Report: operator display_value0 is absorbed into DSP display_value0.
DSP Report: operator display_value0 is absorbed into DSP display_value0.
DSP Report: Generating DSP display_value0, operation Mode is: (PCIN>>17)+A2*B.
DSP Report: register display_value0 is absorbed into DSP display_value0.
DSP Report: operator display_value0 is absorbed into DSP display_value0.
DSP Report: operator display_value0 is absorbed into DSP display_value0.
---------------------------------------------------------------------------------
Finished Cross Boundary and Area Optimization : Time (s): cpu = 00:00:16 ; elapsed = 00:00:17 . Memory (MB): peak = 1317.711 ; gain = 711.777
---------------------------------------------------------------------------------
 Sort Area is  display_value0_0 : 0 0 : 3137 5933 : Used 1 time 0
 Sort Area is  display_value0_0 : 0 1 : 2796 5933 : Used 1 time 0
 Sort Area is  display_value0_3 : 0 0 : 2777 5436 : Used 1 time 0
 Sort Area is  display_value0_3 : 0 1 : 2659 5436 : Used 1 time 0
---------------------------------------------------------------------------------
Start ROM, RAM, DSP, Shift Register and Retiming Reporting
---------------------------------------------------------------------------------

DSP: Preliminary Mapping Report (see note below. The ' indicates corresponding REG is set)
+------------+-----------------+--------+--------+--------+--------+--------+------+------+------+------+-------+------+------+
|Module Name | DSP Mapping     | A Size | B Size | C Size | D Size | P Size | AREG | BREG | CREG | DREG | ADREG | MREG | PREG | 
+------------+-----------------+--------+--------+--------+--------+--------+------+------+------+------+-------+------+------+
|ALU_Display | A2*B            | 18     | 16     | -      | -      | 48     | 1    | 0    | -    | -    | -     | 0    | 0    | 
|ALU_Display | (PCIN>>17)+A*B  | 16     | 16     | -      | -      | 48     | 0    | 0    | -    | -    | -     | 0    | 0    | 
|ALU_Display | A2*B2           | 18     | 18     | -      | -      | 48     | 1    | 1    | -    | -    | -     | 0    | 0    | 
|ALU_Display | (PCIN>>17)+A2*B | 18     | 16     | -      | -      | 48     | 1    | 0    | -    | -    | -     | 0    | 0    | 
+------------+-----------------+--------+--------+--------+--------+--------+------+------+------+------+-------+------+------+

Note: The table above is a preliminary report that shows the DSPs inferred at the current stage of the synthesis flow. Some DSP may be reimplemented as non DSP primitives later in the synthesis flow. Multiple instantiated DSPs are reported only once.
---------------------------------------------------------------------------------
Finished ROM, RAM, DSP, Shift Register and Retiming Reporting
---------------------------------------------------------------------------------
---------------------------------------------------------------------------------
Start Applying XDC Timing Constraints
---------------------------------------------------------------------------------
---------------------------------------------------------------------------------
Finished Applying XDC Timing Constraints : Time (s): cpu = 00:00:21 ; elapsed = 00:00:23 . Memory (MB): peak = 1442.699 ; gain = 836.766
---------------------------------------------------------------------------------
---------------------------------------------------------------------------------
Start Timing Optimization
---------------------------------------------------------------------------------
---------------------------------------------------------------------------------
Finished Timing Optimization : Time (s): cpu = 00:00:22 ; elapsed = 00:00:23 . Memory (MB): peak = 1444.293 ; gain = 838.359
---------------------------------------------------------------------------------
---------------------------------------------------------------------------------
Start Technology Mapping
---------------------------------------------------------------------------------
---------------------------------------------------------------------------------
Finished Technology Mapping : Time (s): cpu = 00:00:22 ; elapsed = 00:00:23 . Memory (MB): peak = 1477.715 ; gain = 871.781
---------------------------------------------------------------------------------
---------------------------------------------------------------------------------
Start IO Insertion
---------------------------------------------------------------------------------
---------------------------------------------------------------------------------
Start Flattening Before IO Insertion
---------------------------------------------------------------------------------
---------------------------------------------------------------------------------
Finished Flattening Before IO Insertion
---------------------------------------------------------------------------------
---------------------------------------------------------------------------------
Start Final Netlist Cleanup
---------------------------------------------------------------------------------
---------------------------------------------------------------------------------
Finished Final Netlist Cleanup
---------------------------------------------------------------------------------
---------------------------------------------------------------------------------
Finished IO Insertion : Time (s): cpu = 00:00:24 ; elapsed = 00:00:26 . Memory (MB): peak = 1665.469 ; gain = 1059.535
---------------------------------------------------------------------------------
---------------------------------------------------------------------------------
Start Renaming Generated Instances
---------------------------------------------------------------------------------
---------------------------------------------------------------------------------
Finished Renaming Generated Instances : Time (s): cpu = 00:00:24 ; elapsed = 00:00:26 . Memory (MB): peak = 1665.469 ; gain = 1059.535
---------------------------------------------------------------------------------
---------------------------------------------------------------------------------
Start Rebuilding User Hierarchy
---------------------------------------------------------------------------------
---------------------------------------------------------------------------------
Finished Rebuilding User Hierarchy : Time (s): cpu = 00:00:24 ; elapsed = 00:00:26 . Memory (MB): peak = 1665.469 ; gain = 1059.535
---------------------------------------------------------------------------------
---------------------------------------------------------------------------------
Start Renaming Generated Ports
---------------------------------------------------------------------------------
---------------------------------------------------------------------------------
Finished Renaming Generated Ports : Time (s): cpu = 00:00:24 ; elapsed = 00:00:26 . Memory (MB): peak = 1665.469 ; gain = 1059.535
---------------------------------------------------------------------------------
---------------------------------------------------------------------------------
Start Handling Custom Attributes
---------------------------------------------------------------------------------
---------------------------------------------------------------------------------
Finished Handling Custom Attributes : Time (s): cpu = 00:00:25 ; elapsed = 00:00:26 . Memory (MB): peak = 1665.469 ; gain = 1059.535
---------------------------------------------------------------------------------
---------------------------------------------------------------------------------
Start Renaming Generated Nets
---------------------------------------------------------------------------------
---------------------------------------------------------------------------------
Finished Renaming Generated Nets : Time (s): cpu = 00:00:25 ; elapsed = 00:00:26 . Memory (MB): peak = 1665.469 ; gain = 1059.535
---------------------------------------------------------------------------------
---------------------------------------------------------------------------------
Start Writing Synthesis Report
---------------------------------------------------------------------------------

DSP Final Report (the ' indicates corresponding REG is set)
+------------+----------------+--------+--------+--------+--------+--------+------+------+------+------+-------+------+------+
|Module Name | DSP Mapping    | A Size | B Size | C Size | D Size | P Size | AREG | BREG | CREG | DREG | ADREG | MREG | PREG | 
+------------+----------------+--------+--------+--------+--------+--------+------+------+------+------+-------+------+------+
|ALU_Display | A'*B'          | 17     | 15     | -      | -      | 48     | 1    | 1    | -    | -    | -     | 0    | 0    | 
|ALU_Display | A'*B'          | 17     | 17     | -      | -      | 48     | 1    | 1    | -    | -    | -     | 0    | 0    | 
|ALU_Display | PCIN>>17+A'*B' | 17     | 15     | -      | -      | 48     | 1    | 1    | -    | -    | -     | 0    | 0    | 
+------------+----------------+--------+--------+--------+--------+--------+------+------+------+------+-------+------+------+


Report BlackBoxes: 
+------+--------------+----------+
|      |BlackBox name |Instances |
+------+--------------+----------+
|1     |lcd_module    |         1|
+------+--------------+----------+

Report Cell Usage: 
+------+-----------+------+
|      |Cell       |Count |
+------+-----------+------+
|1     |lcd_module |     1|
|2     |BUFG       |     1|
|3     |CARRY4     |   296|
|4     |DSP48E1    |     3|
|5     |LUT1       |    63|
|6     |LUT2       |    73|
|7     |LUT3       |  1004|
|8     |LUT4       |   125|
|9     |LUT5       |   190|
|10    |LUT6       |   265|
|11    |MUXF7      |     6|
|12    |FDRE       |   128|
|13    |IBUF       |     6|
|14    |OBUF       |     9|
+------+-----------+------+
---------------------------------------------------------------------------------
Finished Writing Synthesis Report : Time (s): cpu = 00:00:25 ; elapsed = 00:00:26 . Memory (MB): peak = 1665.469 ; gain = 1059.535
---------------------------------------------------------------------------------
Synthesis finished with 0 errors, 0 critical warnings and 1 warnings.
Synthesis Optimization Runtime : Time (s): cpu = 00:00:18 ; elapsed = 00:00:24 . Memory (MB): peak = 1665.469 ; gain = 973.090
Synthesis Optimization Complete : Time (s): cpu = 00:00:25 ; elapsed = 00:00:26 . Memory (MB): peak = 1665.469 ; gain = 1059.535
INFO: [Project 1-571] Translating synthesized netlist
Netlist sorting complete. Time (s): cpu = 00:00:00 ; elapsed = 00:00:00.018 . Memory (MB): peak = 1674.676 ; gain = 0.000
INFO: [Netlist 29-17] Analyzing 305 Unisim elements for replacement
INFO: [Netlist 29-28] Unisim Transformation completed in 0 CPU seconds
WARNING: [Netlist 29-101] Netlist 'ALU_Display' is not ideal for floorplanning, since the cellview 'ALU_Display' contains a large number of primitives.  Please consider enabling hierarchy in synthesis if you want to do floorplanning.
INFO: [Project 1-570] Preparing netlist for logic optimization
INFO: [Opt 31-138] Pushed 0 inverter(s) to 0 load pin(s).
Netlist sorting complete. Time (s): cpu = 00:00:00 ; elapsed = 00:00:00 . Memory (MB): peak = 1680.953 ; gain = 0.000
INFO: [Project 1-111] Unisim Transformation Summary:
No Unisim elements were transformed.

Synth Design complete | Checksum: 4f498b17
INFO: [Common 17-83] Releasing license: Synthesis
64 Infos, 103 Warnings, 0 Critical Warnings and 0 Errors encountered.
synth_design completed successfully
synth_design: Time (s): cpu = 00:00:28 ; elapsed = 00:00:31 . Memory (MB): peak = 1680.953 ; gain = 1315.902
Write ShapeDB Complete: Time (s): cpu = 00:00:00 ; elapsed = 00:00:00.004 . Memory (MB): peak = 1680.953 ; gain = 0.000
INFO: [Common 17-1381] The checkpoint 'C:/Users/91629/Desktop/32bit_ALU/32bit_ALU.runs/synth_1/ALU_Display.dcp' has been generated.
INFO: [Vivado 12-24828] Executing command : report_utilization -file ALU_Display_utilization_synth.rpt -pb ALU_Display_utilization_synth.pb
INFO: [Common 17-206] Exiting Vivado at Sat Mar  8 17:37:00 2025...
