
*** Running vivado
    with args -log adder.vds -m64 -product Vivado -mode batch -messageDb vivado.pb -notrace -source adder.tcl



****** Vivado v2024.2 (64-bit)
  **** SW Build 5239630 on Fri Nov 08 22:35:27 MST 2024
  **** IP Build 5239520 on Sun Nov 10 16:12:51 MST 2024
  **** SharedData Build 5239561 on Fri Nov 08 14:39:27 MST 2024
  **** Start of session at: Fri Mar  7 00:41:36 2025
    ** Copyright 1986-2022 Xilinx, Inc. All Rights Reserved.
    ** Copyright 2022-2024 Advanced Micro Devices, Inc. All Rights Reserved.

source adder.tcl -notrace
Command: synth_design -top adder -part xc7a200tfbg676-2
Starting synth_design
Attempting to get a license for feature 'Synthesis' and/or device 'xc7a200t'
INFO: [Common 17-349] Got license for feature 'Synthesis' and/or device 'xc7a200t'
INFO: [Device 21-403] Loading part xc7a200tfbg676-2
INFO: [Synth 8-7079] Multithreading enabled for synth_design using a maximum of 2 processes.
INFO: [Synth 8-7078] Launching helper process for spawning children vivado processes
INFO: [Synth 8-7075] Helper process launched with PID 27200
---------------------------------------------------------------------------------
Starting RTL Elaboration : Time (s): cpu = 00:00:06 ; elapsed = 00:00:07 . Memory (MB): peak = 1073.887 ; gain = 468.371
---------------------------------------------------------------------------------
INFO: [Synth 8-6157] synthesizing module 'adder' [E:/Learing Doc/github/alu_homework/alu.srcs/sources_1/imports/4_alu/adder.v:8]
INFO: [Synth 8-6155] done synthesizing module 'adder' (0#1) [E:/Learing Doc/github/alu_homework/alu.srcs/sources_1/imports/4_alu/adder.v:8]
---------------------------------------------------------------------------------
Finished RTL Elaboration : Time (s): cpu = 00:00:07 ; elapsed = 00:00:09 . Memory (MB): peak = 1178.754 ; gain = 573.238
---------------------------------------------------------------------------------
---------------------------------------------------------------------------------
Start Handling Custom Attributes
---------------------------------------------------------------------------------
---------------------------------------------------------------------------------
Finished Handling Custom Attributes : Time (s): cpu = 00:00:08 ; elapsed = 00:00:09 . Memory (MB): peak = 1178.754 ; gain = 573.238
---------------------------------------------------------------------------------
---------------------------------------------------------------------------------
Finished RTL Optimization Phase 1 : Time (s): cpu = 00:00:08 ; elapsed = 00:00:09 . Memory (MB): peak = 1178.754 ; gain = 573.238
---------------------------------------------------------------------------------
Netlist sorting complete. Time (s): cpu = 00:00:00 ; elapsed = 00:00:00.002 . Memory (MB): peak = 1178.754 ; gain = 0.000
INFO: [Project 1-570] Preparing netlist for logic optimization

Processing XDC Constraints
Initializing timing engine
Parsing XDC File [E:/Learing Doc/github/alu_homework/alu.srcs/constrs_1/imports/4_alu/alu.xdc]
WARNING: [Vivado 12-584] No ports matched 'clk'. [E:/Learing Doc/github/alu_homework/alu.srcs/constrs_1/imports/4_alu/alu.xdc:2]
CRITICAL WARNING: [Common 17-55] 'set_property' expects at least one object. [E:/Learing Doc/github/alu_homework/alu.srcs/constrs_1/imports/4_alu/alu.xdc:2]
Resolution: If [get_<value>] was used to populate the object, check to make sure this command returns at least one valid object.
WARNING: [Vivado 12-584] No ports matched 'resetn'. [E:/Learing Doc/github/alu_homework/alu.srcs/constrs_1/imports/4_alu/alu.xdc:5]
CRITICAL WARNING: [Common 17-55] 'set_property' expects at least one object. [E:/Learing Doc/github/alu_homework/alu.srcs/constrs_1/imports/4_alu/alu.xdc:5]
Resolution: If [get_<value>] was used to populate the object, check to make sure this command returns at least one valid object.
WARNING: [Vivado 12-584] No ports matched 'input_sel[0]'. [E:/Learing Doc/github/alu_homework/alu.srcs/constrs_1/imports/4_alu/alu.xdc:8]
CRITICAL WARNING: [Common 17-55] 'set_property' expects at least one object. [E:/Learing Doc/github/alu_homework/alu.srcs/constrs_1/imports/4_alu/alu.xdc:8]
Resolution: If [get_<value>] was used to populate the object, check to make sure this command returns at least one valid object.
WARNING: [Vivado 12-584] No ports matched 'input_sel[1]'. [E:/Learing Doc/github/alu_homework/alu.srcs/constrs_1/imports/4_alu/alu.xdc:9]
CRITICAL WARNING: [Common 17-55] 'set_property' expects at least one object. [E:/Learing Doc/github/alu_homework/alu.srcs/constrs_1/imports/4_alu/alu.xdc:9]
Resolution: If [get_<value>] was used to populate the object, check to make sure this command returns at least one valid object.
WARNING: [Vivado 12-584] No ports matched 'clk'. [E:/Learing Doc/github/alu_homework/alu.srcs/constrs_1/imports/4_alu/alu.xdc:11]
CRITICAL WARNING: [Common 17-55] 'set_property' expects at least one object. [E:/Learing Doc/github/alu_homework/alu.srcs/constrs_1/imports/4_alu/alu.xdc:11]
Resolution: If [get_<value>] was used to populate the object, check to make sure this command returns at least one valid object.
WARNING: [Vivado 12-584] No ports matched 'resetn'. [E:/Learing Doc/github/alu_homework/alu.srcs/constrs_1/imports/4_alu/alu.xdc:12]
CRITICAL WARNING: [Common 17-55] 'set_property' expects at least one object. [E:/Learing Doc/github/alu_homework/alu.srcs/constrs_1/imports/4_alu/alu.xdc:12]
Resolution: If [get_<value>] was used to populate the object, check to make sure this command returns at least one valid object.
WARNING: [Vivado 12-584] No ports matched 'input_sel[1]'. [E:/Learing Doc/github/alu_homework/alu.srcs/constrs_1/imports/4_alu/alu.xdc:13]
CRITICAL WARNING: [Common 17-55] 'set_property' expects at least one object. [E:/Learing Doc/github/alu_homework/alu.srcs/constrs_1/imports/4_alu/alu.xdc:13]
Resolution: If [get_<value>] was used to populate the object, check to make sure this command returns at least one valid object.
WARNING: [Vivado 12-584] No ports matched 'input_sel[0]'. [E:/Learing Doc/github/alu_homework/alu.srcs/constrs_1/imports/4_alu/alu.xdc:14]
CRITICAL WARNING: [Common 17-55] 'set_property' expects at least one object. [E:/Learing Doc/github/alu_homework/alu.srcs/constrs_1/imports/4_alu/alu.xdc:14]
Resolution: If [get_<value>] was used to populate the object, check to make sure this command returns at least one valid object.
WARNING: [Vivado 12-584] No ports matched 'lcd_rst'. [E:/Learing Doc/github/alu_homework/alu.srcs/constrs_1/imports/4_alu/alu.xdc:17]
CRITICAL WARNING: [Common 17-55] 'set_property' expects at least one object. [E:/Learing Doc/github/alu_homework/alu.srcs/constrs_1/imports/4_alu/alu.xdc:17]
Resolution: If [get_<value>] was used to populate the object, check to make sure this command returns at least one valid object.
WARNING: [Vivado 12-584] No ports matched 'lcd_cs'. [E:/Learing Doc/github/alu_homework/alu.srcs/constrs_1/imports/4_alu/alu.xdc:18]
CRITICAL WARNING: [Common 17-55] 'set_property' expects at least one object. [E:/Learing Doc/github/alu_homework/alu.srcs/constrs_1/imports/4_alu/alu.xdc:18]
Resolution: If [get_<value>] was used to populate the object, check to make sure this command returns at least one valid object.
WARNING: [Vivado 12-584] No ports matched 'lcd_rs'. [E:/Learing Doc/github/alu_homework/alu.srcs/constrs_1/imports/4_alu/alu.xdc:19]
CRITICAL WARNING: [Common 17-55] 'set_property' expects at least one object. [E:/Learing Doc/github/alu_homework/alu.srcs/constrs_1/imports/4_alu/alu.xdc:19]
Resolution: If [get_<value>] was used to populate the object, check to make sure this command returns at least one valid object.
WARNING: [Vivado 12-584] No ports matched 'lcd_wr'. [E:/Learing Doc/github/alu_homework/alu.srcs/constrs_1/imports/4_alu/alu.xdc:20]
CRITICAL WARNING: [Common 17-55] 'set_property' expects at least one object. [E:/Learing Doc/github/alu_homework/alu.srcs/constrs_1/imports/4_alu/alu.xdc:20]
Resolution: If [get_<value>] was used to populate the object, check to make sure this command returns at least one valid object.
WARNING: [Vivado 12-584] No ports matched 'lcd_rd'. [E:/Learing Doc/github/alu_homework/alu.srcs/constrs_1/imports/4_alu/alu.xdc:21]
CRITICAL WARNING: [Common 17-55] 'set_property' expects at least one object. [E:/Learing Doc/github/alu_homework/alu.srcs/constrs_1/imports/4_alu/alu.xdc:21]
Resolution: If [get_<value>] was used to populate the object, check to make sure this command returns at least one valid object.
WARNING: [Vivado 12-584] No ports matched 'lcd_bl_ctr'. [E:/Learing Doc/github/alu_homework/alu.srcs/constrs_1/imports/4_alu/alu.xdc:22]
CRITICAL WARNING: [Common 17-55] 'set_property' expects at least one object. [E:/Learing Doc/github/alu_homework/alu.srcs/constrs_1/imports/4_alu/alu.xdc:22]
Resolution: If [get_<value>] was used to populate the object, check to make sure this command returns at least one valid object.
WARNING: [Vivado 12-584] No ports matched 'lcd_data_io[0]'. [E:/Learing Doc/github/alu_homework/alu.srcs/constrs_1/imports/4_alu/alu.xdc:23]
CRITICAL WARNING: [Common 17-55] 'set_property' expects at least one object. [E:/Learing Doc/github/alu_homework/alu.srcs/constrs_1/imports/4_alu/alu.xdc:23]
Resolution: If [get_<value>] was used to populate the object, check to make sure this command returns at least one valid object.
WARNING: [Vivado 12-584] No ports matched 'lcd_data_io[1]'. [E:/Learing Doc/github/alu_homework/alu.srcs/constrs_1/imports/4_alu/alu.xdc:24]
CRITICAL WARNING: [Common 17-55] 'set_property' expects at least one object. [E:/Learing Doc/github/alu_homework/alu.srcs/constrs_1/imports/4_alu/alu.xdc:24]
Resolution: If [get_<value>] was used to populate the object, check to make sure this command returns at least one valid object.
WARNING: [Vivado 12-584] No ports matched 'lcd_data_io[2]'. [E:/Learing Doc/github/alu_homework/alu.srcs/constrs_1/imports/4_alu/alu.xdc:25]
CRITICAL WARNING: [Common 17-55] 'set_property' expects at least one object. [E:/Learing Doc/github/alu_homework/alu.srcs/constrs_1/imports/4_alu/alu.xdc:25]
Resolution: If [get_<value>] was used to populate the object, check to make sure this command returns at least one valid object.
WARNING: [Vivado 12-584] No ports matched 'lcd_data_io[3]'. [E:/Learing Doc/github/alu_homework/alu.srcs/constrs_1/imports/4_alu/alu.xdc:26]
CRITICAL WARNING: [Common 17-55] 'set_property' expects at least one object. [E:/Learing Doc/github/alu_homework/alu.srcs/constrs_1/imports/4_alu/alu.xdc:26]
Resolution: If [get_<value>] was used to populate the object, check to make sure this command returns at least one valid object.
WARNING: [Vivado 12-584] No ports matched 'lcd_data_io[4]'. [E:/Learing Doc/github/alu_homework/alu.srcs/constrs_1/imports/4_alu/alu.xdc:27]
CRITICAL WARNING: [Common 17-55] 'set_property' expects at least one object. [E:/Learing Doc/github/alu_homework/alu.srcs/constrs_1/imports/4_alu/alu.xdc:27]
Resolution: If [get_<value>] was used to populate the object, check to make sure this command returns at least one valid object.
WARNING: [Vivado 12-584] No ports matched 'lcd_data_io[5]'. [E:/Learing Doc/github/alu_homework/alu.srcs/constrs_1/imports/4_alu/alu.xdc:28]
CRITICAL WARNING: [Common 17-55] 'set_property' expects at least one object. [E:/Learing Doc/github/alu_homework/alu.srcs/constrs_1/imports/4_alu/alu.xdc:28]
Resolution: If [get_<value>] was used to populate the object, check to make sure this command returns at least one valid object.
WARNING: [Vivado 12-584] No ports matched 'lcd_data_io[6]'. [E:/Learing Doc/github/alu_homework/alu.srcs/constrs_1/imports/4_alu/alu.xdc:29]
CRITICAL WARNING: [Common 17-55] 'set_property' expects at least one object. [E:/Learing Doc/github/alu_homework/alu.srcs/constrs_1/imports/4_alu/alu.xdc:29]
Resolution: If [get_<value>] was used to populate the object, check to make sure this command returns at least one valid object.
WARNING: [Vivado 12-584] No ports matched 'lcd_data_io[7]'. [E:/Learing Doc/github/alu_homework/alu.srcs/constrs_1/imports/4_alu/alu.xdc:30]
CRITICAL WARNING: [Common 17-55] 'set_property' expects at least one object. [E:/Learing Doc/github/alu_homework/alu.srcs/constrs_1/imports/4_alu/alu.xdc:30]
Resolution: If [get_<value>] was used to populate the object, check to make sure this command returns at least one valid object.
WARNING: [Vivado 12-584] No ports matched 'lcd_data_io[8]'. [E:/Learing Doc/github/alu_homework/alu.srcs/constrs_1/imports/4_alu/alu.xdc:31]
CRITICAL WARNING: [Common 17-55] 'set_property' expects at least one object. [E:/Learing Doc/github/alu_homework/alu.srcs/constrs_1/imports/4_alu/alu.xdc:31]
Resolution: If [get_<value>] was used to populate the object, check to make sure this command returns at least one valid object.
WARNING: [Vivado 12-584] No ports matched 'lcd_data_io[9]'. [E:/Learing Doc/github/alu_homework/alu.srcs/constrs_1/imports/4_alu/alu.xdc:32]
CRITICAL WARNING: [Common 17-55] 'set_property' expects at least one object. [E:/Learing Doc/github/alu_homework/alu.srcs/constrs_1/imports/4_alu/alu.xdc:32]
Resolution: If [get_<value>] was used to populate the object, check to make sure this command returns at least one valid object.
WARNING: [Vivado 12-584] No ports matched 'lcd_data_io[10]'. [E:/Learing Doc/github/alu_homework/alu.srcs/constrs_1/imports/4_alu/alu.xdc:33]
CRITICAL WARNING: [Common 17-55] 'set_property' expects at least one object. [E:/Learing Doc/github/alu_homework/alu.srcs/constrs_1/imports/4_alu/alu.xdc:33]
Resolution: If [get_<value>] was used to populate the object, check to make sure this command returns at least one valid object.
WARNING: [Vivado 12-584] No ports matched 'lcd_data_io[11]'. [E:/Learing Doc/github/alu_homework/alu.srcs/constrs_1/imports/4_alu/alu.xdc:34]
CRITICAL WARNING: [Common 17-55] 'set_property' expects at least one object. [E:/Learing Doc/github/alu_homework/alu.srcs/constrs_1/imports/4_alu/alu.xdc:34]
Resolution: If [get_<value>] was used to populate the object, check to make sure this command returns at least one valid object.
WARNING: [Vivado 12-584] No ports matched 'lcd_data_io[12]'. [E:/Learing Doc/github/alu_homework/alu.srcs/constrs_1/imports/4_alu/alu.xdc:35]
CRITICAL WARNING: [Common 17-55] 'set_property' expects at least one object. [E:/Learing Doc/github/alu_homework/alu.srcs/constrs_1/imports/4_alu/alu.xdc:35]
Resolution: If [get_<value>] was used to populate the object, check to make sure this command returns at least one valid object.
WARNING: [Vivado 12-584] No ports matched 'lcd_data_io[13]'. [E:/Learing Doc/github/alu_homework/alu.srcs/constrs_1/imports/4_alu/alu.xdc:36]
CRITICAL WARNING: [Common 17-55] 'set_property' expects at least one object. [E:/Learing Doc/github/alu_homework/alu.srcs/constrs_1/imports/4_alu/alu.xdc:36]
Resolution: If [get_<value>] was used to populate the object, check to make sure this command returns at least one valid object.
WARNING: [Vivado 12-584] No ports matched 'lcd_data_io[14]'. [E:/Learing Doc/github/alu_homework/alu.srcs/constrs_1/imports/4_alu/alu.xdc:37]
CRITICAL WARNING: [Common 17-55] 'set_property' expects at least one object. [E:/Learing Doc/github/alu_homework/alu.srcs/constrs_1/imports/4_alu/alu.xdc:37]
Resolution: If [get_<value>] was used to populate the object, check to make sure this command returns at least one valid object.
WARNING: [Vivado 12-584] No ports matched 'lcd_data_io[15]'. [E:/Learing Doc/github/alu_homework/alu.srcs/constrs_1/imports/4_alu/alu.xdc:38]
CRITICAL WARNING: [Common 17-55] 'set_property' expects at least one object. [E:/Learing Doc/github/alu_homework/alu.srcs/constrs_1/imports/4_alu/alu.xdc:38]
Resolution: If [get_<value>] was used to populate the object, check to make sure this command returns at least one valid object.
WARNING: [Vivado 12-584] No ports matched 'ct_int'. [E:/Learing Doc/github/alu_homework/alu.srcs/constrs_1/imports/4_alu/alu.xdc:39]
CRITICAL WARNING: [Common 17-55] 'set_property' expects at least one object. [E:/Learing Doc/github/alu_homework/alu.srcs/constrs_1/imports/4_alu/alu.xdc:39]
Resolution: If [get_<value>] was used to populate the object, check to make sure this command returns at least one valid object.
WARNING: [Vivado 12-584] No ports matched 'ct_sda'. [E:/Learing Doc/github/alu_homework/alu.srcs/constrs_1/imports/4_alu/alu.xdc:40]
CRITICAL WARNING: [Common 17-55] 'set_property' expects at least one object. [E:/Learing Doc/github/alu_homework/alu.srcs/constrs_1/imports/4_alu/alu.xdc:40]
Resolution: If [get_<value>] was used to populate the object, check to make sure this command returns at least one valid object.
WARNING: [Vivado 12-584] No ports matched 'ct_scl'. [E:/Learing Doc/github/alu_homework/alu.srcs/constrs_1/imports/4_alu/alu.xdc:41]
CRITICAL WARNING: [Common 17-55] 'set_property' expects at least one object. [E:/Learing Doc/github/alu_homework/alu.srcs/constrs_1/imports/4_alu/alu.xdc:41]
Resolution: If [get_<value>] was used to populate the object, check to make sure this command returns at least one valid object.
WARNING: [Vivado 12-584] No ports matched 'ct_rstn'. [E:/Learing Doc/github/alu_homework/alu.srcs/constrs_1/imports/4_alu/alu.xdc:42]
CRITICAL WARNING: [Common 17-55] 'set_property' expects at least one object. [E:/Learing Doc/github/alu_homework/alu.srcs/constrs_1/imports/4_alu/alu.xdc:42]
Resolution: If [get_<value>] was used to populate the object, check to make sure this command returns at least one valid object.
WARNING: [Vivado 12-584] No ports matched 'lcd_rst'. [E:/Learing Doc/github/alu_homework/alu.srcs/constrs_1/imports/4_alu/alu.xdc:44]
CRITICAL WARNING: [Common 17-55] 'set_property' expects at least one object. [E:/Learing Doc/github/alu_homework/alu.srcs/constrs_1/imports/4_alu/alu.xdc:44]
Resolution: If [get_<value>] was used to populate the object, check to make sure this command returns at least one valid object.
WARNING: [Vivado 12-584] No ports matched 'lcd_cs'. [E:/Learing Doc/github/alu_homework/alu.srcs/constrs_1/imports/4_alu/alu.xdc:45]
CRITICAL WARNING: [Common 17-55] 'set_property' expects at least one object. [E:/Learing Doc/github/alu_homework/alu.srcs/constrs_1/imports/4_alu/alu.xdc:45]
Resolution: If [get_<value>] was used to populate the object, check to make sure this command returns at least one valid object.
WARNING: [Vivado 12-584] No ports matched 'lcd_rs'. [E:/Learing Doc/github/alu_homework/alu.srcs/constrs_1/imports/4_alu/alu.xdc:46]
CRITICAL WARNING: [Common 17-55] 'set_property' expects at least one object. [E:/Learing Doc/github/alu_homework/alu.srcs/constrs_1/imports/4_alu/alu.xdc:46]
Resolution: If [get_<value>] was used to populate the object, check to make sure this command returns at least one valid object.
WARNING: [Vivado 12-584] No ports matched 'lcd_wr'. [E:/Learing Doc/github/alu_homework/alu.srcs/constrs_1/imports/4_alu/alu.xdc:47]
CRITICAL WARNING: [Common 17-55] 'set_property' expects at least one object. [E:/Learing Doc/github/alu_homework/alu.srcs/constrs_1/imports/4_alu/alu.xdc:47]
Resolution: If [get_<value>] was used to populate the object, check to make sure this command returns at least one valid object.
WARNING: [Vivado 12-584] No ports matched 'lcd_rd'. [E:/Learing Doc/github/alu_homework/alu.srcs/constrs_1/imports/4_alu/alu.xdc:48]
CRITICAL WARNING: [Common 17-55] 'set_property' expects at least one object. [E:/Learing Doc/github/alu_homework/alu.srcs/constrs_1/imports/4_alu/alu.xdc:48]
Resolution: If [get_<value>] was used to populate the object, check to make sure this command returns at least one valid object.
WARNING: [Vivado 12-584] No ports matched 'lcd_bl_ctr'. [E:/Learing Doc/github/alu_homework/alu.srcs/constrs_1/imports/4_alu/alu.xdc:49]
CRITICAL WARNING: [Common 17-55] 'set_property' expects at least one object. [E:/Learing Doc/github/alu_homework/alu.srcs/constrs_1/imports/4_alu/alu.xdc:49]
Resolution: If [get_<value>] was used to populate the object, check to make sure this command returns at least one valid object.
WARNING: [Vivado 12-584] No ports matched 'lcd_data_io[0]'. [E:/Learing Doc/github/alu_homework/alu.srcs/constrs_1/imports/4_alu/alu.xdc:50]
CRITICAL WARNING: [Common 17-55] 'set_property' expects at least one object. [E:/Learing Doc/github/alu_homework/alu.srcs/constrs_1/imports/4_alu/alu.xdc:50]
Resolution: If [get_<value>] was used to populate the object, check to make sure this command returns at least one valid object.
WARNING: [Vivado 12-584] No ports matched 'lcd_data_io[1]'. [E:/Learing Doc/github/alu_homework/alu.srcs/constrs_1/imports/4_alu/alu.xdc:51]
CRITICAL WARNING: [Common 17-55] 'set_property' expects at least one object. [E:/Learing Doc/github/alu_homework/alu.srcs/constrs_1/imports/4_alu/alu.xdc:51]
Resolution: If [get_<value>] was used to populate the object, check to make sure this command returns at least one valid object.
WARNING: [Vivado 12-584] No ports matched 'lcd_data_io[2]'. [E:/Learing Doc/github/alu_homework/alu.srcs/constrs_1/imports/4_alu/alu.xdc:52]
CRITICAL WARNING: [Common 17-55] 'set_property' expects at least one object. [E:/Learing Doc/github/alu_homework/alu.srcs/constrs_1/imports/4_alu/alu.xdc:52]
Resolution: If [get_<value>] was used to populate the object, check to make sure this command returns at least one valid object.
WARNING: [Vivado 12-584] No ports matched 'lcd_data_io[3]'. [E:/Learing Doc/github/alu_homework/alu.srcs/constrs_1/imports/4_alu/alu.xdc:53]
CRITICAL WARNING: [Common 17-55] 'set_property' expects at least one object. [E:/Learing Doc/github/alu_homework/alu.srcs/constrs_1/imports/4_alu/alu.xdc:53]
Resolution: If [get_<value>] was used to populate the object, check to make sure this command returns at least one valid object.
WARNING: [Vivado 12-584] No ports matched 'lcd_data_io[4]'. [E:/Learing Doc/github/alu_homework/alu.srcs/constrs_1/imports/4_alu/alu.xdc:54]
CRITICAL WARNING: [Common 17-55] 'set_property' expects at least one object. [E:/Learing Doc/github/alu_homework/alu.srcs/constrs_1/imports/4_alu/alu.xdc:54]
Resolution: If [get_<value>] was used to populate the object, check to make sure this command returns at least one valid object.
WARNING: [Vivado 12-584] No ports matched 'lcd_data_io[5]'. [E:/Learing Doc/github/alu_homework/alu.srcs/constrs_1/imports/4_alu/alu.xdc:55]
CRITICAL WARNING: [Common 17-55] 'set_property' expects at least one object. [E:/Learing Doc/github/alu_homework/alu.srcs/constrs_1/imports/4_alu/alu.xdc:55]
Resolution: If [get_<value>] was used to populate the object, check to make sure this command returns at least one valid object.
WARNING: [Vivado 12-584] No ports matched 'lcd_data_io[6]'. [E:/Learing Doc/github/alu_homework/alu.srcs/constrs_1/imports/4_alu/alu.xdc:56]
CRITICAL WARNING: [Common 17-55] 'set_property' expects at least one object. [E:/Learing Doc/github/alu_homework/alu.srcs/constrs_1/imports/4_alu/alu.xdc:56]
Resolution: If [get_<value>] was used to populate the object, check to make sure this command returns at least one valid object.
WARNING: [Vivado 12-584] No ports matched 'lcd_data_io[7]'. [E:/Learing Doc/github/alu_homework/alu.srcs/constrs_1/imports/4_alu/alu.xdc:57]
CRITICAL WARNING: [Common 17-55] 'set_property' expects at least one object. [E:/Learing Doc/github/alu_homework/alu.srcs/constrs_1/imports/4_alu/alu.xdc:57]
Resolution: If [get_<value>] was used to populate the object, check to make sure this command returns at least one valid object.
WARNING: [Vivado 12-584] No ports matched 'lcd_data_io[8]'. [E:/Learing Doc/github/alu_homework/alu.srcs/constrs_1/imports/4_alu/alu.xdc:58]
CRITICAL WARNING: [Common 17-55] 'set_property' expects at least one object. [E:/Learing Doc/github/alu_homework/alu.srcs/constrs_1/imports/4_alu/alu.xdc:58]
Resolution: If [get_<value>] was used to populate the object, check to make sure this command returns at least one valid object.
WARNING: [Vivado 12-584] No ports matched 'lcd_data_io[9]'. [E:/Learing Doc/github/alu_homework/alu.srcs/constrs_1/imports/4_alu/alu.xdc:59]
CRITICAL WARNING: [Common 17-55] 'set_property' expects at least one object. [E:/Learing Doc/github/alu_homework/alu.srcs/constrs_1/imports/4_alu/alu.xdc:59]
Resolution: If [get_<value>] was used to populate the object, check to make sure this command returns at least one valid object.
WARNING: [Vivado 12-584] No ports matched 'lcd_data_io[10]'. [E:/Learing Doc/github/alu_homework/alu.srcs/constrs_1/imports/4_alu/alu.xdc:60]
CRITICAL WARNING: [Common 17-55] 'set_property' expects at least one object. [E:/Learing Doc/github/alu_homework/alu.srcs/constrs_1/imports/4_alu/alu.xdc:60]
Resolution: If [get_<value>] was used to populate the object, check to make sure this command returns at least one valid object.
WARNING: [Vivado 12-584] No ports matched 'lcd_data_io[11]'. [E:/Learing Doc/github/alu_homework/alu.srcs/constrs_1/imports/4_alu/alu.xdc:61]
CRITICAL WARNING: [Common 17-55] 'set_property' expects at least one object. [E:/Learing Doc/github/alu_homework/alu.srcs/constrs_1/imports/4_alu/alu.xdc:61]
Resolution: If [get_<value>] was used to populate the object, check to make sure this command returns at least one valid object.
WARNING: [Vivado 12-584] No ports matched 'lcd_data_io[12]'. [E:/Learing Doc/github/alu_homework/alu.srcs/constrs_1/imports/4_alu/alu.xdc:62]
CRITICAL WARNING: [Common 17-55] 'set_property' expects at least one object. [E:/Learing Doc/github/alu_homework/alu.srcs/constrs_1/imports/4_alu/alu.xdc:62]
Resolution: If [get_<value>] was used to populate the object, check to make sure this command returns at least one valid object.
WARNING: [Vivado 12-584] No ports matched 'lcd_data_io[13]'. [E:/Learing Doc/github/alu_homework/alu.srcs/constrs_1/imports/4_alu/alu.xdc:63]
CRITICAL WARNING: [Common 17-55] 'set_property' expects at least one object. [E:/Learing Doc/github/alu_homework/alu.srcs/constrs_1/imports/4_alu/alu.xdc:63]
Resolution: If [get_<value>] was used to populate the object, check to make sure this command returns at least one valid object.
WARNING: [Vivado 12-584] No ports matched 'lcd_data_io[14]'. [E:/Learing Doc/github/alu_homework/alu.srcs/constrs_1/imports/4_alu/alu.xdc:64]
CRITICAL WARNING: [Common 17-55] 'set_property' expects at least one object. [E:/Learing Doc/github/alu_homework/alu.srcs/constrs_1/imports/4_alu/alu.xdc:64]
Resolution: If [get_<value>] was used to populate the object, check to make sure this command returns at least one valid object.
WARNING: [Vivado 12-584] No ports matched 'lcd_data_io[15]'. [E:/Learing Doc/github/alu_homework/alu.srcs/constrs_1/imports/4_alu/alu.xdc:65]
CRITICAL WARNING: [Common 17-55] 'set_property' expects at least one object. [E:/Learing Doc/github/alu_homework/alu.srcs/constrs_1/imports/4_alu/alu.xdc:65]
Resolution: If [get_<value>] was used to populate the object, check to make sure this command returns at least one valid object.
WARNING: [Vivado 12-584] No ports matched 'ct_int'. [E:/Learing Doc/github/alu_homework/alu.srcs/constrs_1/imports/4_alu/alu.xdc:66]
CRITICAL WARNING: [Common 17-55] 'set_property' expects at least one object. [E:/Learing Doc/github/alu_homework/alu.srcs/constrs_1/imports/4_alu/alu.xdc:66]
Resolution: If [get_<value>] was used to populate the object, check to make sure this command returns at least one valid object.
WARNING: [Vivado 12-584] No ports matched 'ct_sda'. [E:/Learing Doc/github/alu_homework/alu.srcs/constrs_1/imports/4_alu/alu.xdc:67]
CRITICAL WARNING: [Common 17-55] 'set_property' expects at least one object. [E:/Learing Doc/github/alu_homework/alu.srcs/constrs_1/imports/4_alu/alu.xdc:67]
Resolution: If [get_<value>] was used to populate the object, check to make sure this command returns at least one valid object.
WARNING: [Vivado 12-584] No ports matched 'ct_scl'. [E:/Learing Doc/github/alu_homework/alu.srcs/constrs_1/imports/4_alu/alu.xdc:68]
CRITICAL WARNING: [Common 17-55] 'set_property' expects at least one object. [E:/Learing Doc/github/alu_homework/alu.srcs/constrs_1/imports/4_alu/alu.xdc:68]
Resolution: If [get_<value>] was used to populate the object, check to make sure this command returns at least one valid object.
WARNING: [Vivado 12-584] No ports matched 'ct_rstn'. [E:/Learing Doc/github/alu_homework/alu.srcs/constrs_1/imports/4_alu/alu.xdc:69]
CRITICAL WARNING: [Common 17-55] 'set_property' expects at least one object. [E:/Learing Doc/github/alu_homework/alu.srcs/constrs_1/imports/4_alu/alu.xdc:69]
Resolution: If [get_<value>] was used to populate the object, check to make sure this command returns at least one valid object.
Finished Parsing XDC File [E:/Learing Doc/github/alu_homework/alu.srcs/constrs_1/imports/4_alu/alu.xdc]
Completed Processing XDC Constraints

Netlist sorting complete. Time (s): cpu = 00:00:00 ; elapsed = 00:00:00 . Memory (MB): peak = 1191.152 ; gain = 0.000
INFO: [Project 1-111] Unisim Transformation Summary:
No Unisim elements were transformed.

Constraint Validation Runtime : Time (s): cpu = 00:00:00 ; elapsed = 00:00:00.007 . Memory (MB): peak = 1191.152 ; gain = 0.000
---------------------------------------------------------------------------------
Finished Constraint Validation : Time (s): cpu = 00:00:18 ; elapsed = 00:00:19 . Memory (MB): peak = 1191.152 ; gain = 585.637
---------------------------------------------------------------------------------
---------------------------------------------------------------------------------
Start Loading Part and Timing Information
---------------------------------------------------------------------------------
Loading part: xc7a200tfbg676-2
---------------------------------------------------------------------------------
Finished Loading Part and Timing Information : Time (s): cpu = 00:00:18 ; elapsed = 00:00:19 . Memory (MB): peak = 1191.152 ; gain = 585.637
---------------------------------------------------------------------------------
---------------------------------------------------------------------------------
Start Applying 'set_property' XDC Constraints
---------------------------------------------------------------------------------
---------------------------------------------------------------------------------
Finished applying 'set_property' XDC Constraints : Time (s): cpu = 00:00:18 ; elapsed = 00:00:19 . Memory (MB): peak = 1191.152 ; gain = 585.637
---------------------------------------------------------------------------------
---------------------------------------------------------------------------------
Finished RTL Optimization Phase 2 : Time (s): cpu = 00:00:18 ; elapsed = 00:00:20 . Memory (MB): peak = 1191.152 ; gain = 585.637
---------------------------------------------------------------------------------
---------------------------------------------------------------------------------
Start RTL Component Statistics 
---------------------------------------------------------------------------------
Detailed RTL Component Info : 
+---Adders : 
	   3 Input   33 Bit       Adders := 1     
---------------------------------------------------------------------------------
Finished RTL Component Statistics 
---------------------------------------------------------------------------------
---------------------------------------------------------------------------------
Start Part Resource Summary
---------------------------------------------------------------------------------
Part Resources:
DSPs: 740 (col length:100)
BRAMs: 730 (col length: RAMB18 100 RAMB36 50)
---------------------------------------------------------------------------------
Finished Part Resource Summary
---------------------------------------------------------------------------------
---------------------------------------------------------------------------------
Start Cross Boundary and Area Optimization
---------------------------------------------------------------------------------
WARNING: [Synth 8-7080] Parallel synthesis criteria is not met
---------------------------------------------------------------------------------
Finished Cross Boundary and Area Optimization : Time (s): cpu = 00:00:20 ; elapsed = 00:00:22 . Memory (MB): peak = 1194.035 ; gain = 588.520
---------------------------------------------------------------------------------
---------------------------------------------------------------------------------
Start Applying XDC Timing Constraints
---------------------------------------------------------------------------------
---------------------------------------------------------------------------------
Finished Applying XDC Timing Constraints : Time (s): cpu = 00:00:28 ; elapsed = 00:00:30 . Memory (MB): peak = 1362.180 ; gain = 756.664
---------------------------------------------------------------------------------
---------------------------------------------------------------------------------
Start Timing Optimization
---------------------------------------------------------------------------------
---------------------------------------------------------------------------------
Finished Timing Optimization : Time (s): cpu = 00:00:28 ; elapsed = 00:00:30 . Memory (MB): peak = 1362.309 ; gain = 756.793
---------------------------------------------------------------------------------
---------------------------------------------------------------------------------
Start Technology Mapping
---------------------------------------------------------------------------------
---------------------------------------------------------------------------------
Finished Technology Mapping : Time (s): cpu = 00:00:28 ; elapsed = 00:00:30 . Memory (MB): peak = 1371.871 ; gain = 766.355
---------------------------------------------------------------------------------
---------------------------------------------------------------------------------
Start IO Insertion
---------------------------------------------------------------------------------
---------------------------------------------------------------------------------
Start Flattening Before IO Insertion
---------------------------------------------------------------------------------
---------------------------------------------------------------------------------
Finished Flattening Before IO Insertion
---------------------------------------------------------------------------------
---------------------------------------------------------------------------------
Start Final Netlist Cleanup
---------------------------------------------------------------------------------
---------------------------------------------------------------------------------
Finished Final Netlist Cleanup
---------------------------------------------------------------------------------
---------------------------------------------------------------------------------
Finished IO Insertion : Time (s): cpu = 00:00:32 ; elapsed = 00:00:35 . Memory (MB): peak = 1588.797 ; gain = 983.281
---------------------------------------------------------------------------------
---------------------------------------------------------------------------------
Start Renaming Generated Instances
---------------------------------------------------------------------------------
---------------------------------------------------------------------------------
Finished Renaming Generated Instances : Time (s): cpu = 00:00:32 ; elapsed = 00:00:35 . Memory (MB): peak = 1588.797 ; gain = 983.281
---------------------------------------------------------------------------------
---------------------------------------------------------------------------------
Start Rebuilding User Hierarchy
---------------------------------------------------------------------------------
---------------------------------------------------------------------------------
Finished Rebuilding User Hierarchy : Time (s): cpu = 00:00:32 ; elapsed = 00:00:35 . Memory (MB): peak = 1588.797 ; gain = 983.281
---------------------------------------------------------------------------------
---------------------------------------------------------------------------------
Start Renaming Generated Ports
---------------------------------------------------------------------------------
---------------------------------------------------------------------------------
Finished Renaming Generated Ports : Time (s): cpu = 00:00:32 ; elapsed = 00:00:35 . Memory (MB): peak = 1588.797 ; gain = 983.281
---------------------------------------------------------------------------------
---------------------------------------------------------------------------------
Start Handling Custom Attributes
---------------------------------------------------------------------------------
---------------------------------------------------------------------------------
Finished Handling Custom Attributes : Time (s): cpu = 00:00:32 ; elapsed = 00:00:35 . Memory (MB): peak = 1588.797 ; gain = 983.281
---------------------------------------------------------------------------------
---------------------------------------------------------------------------------
Start Renaming Generated Nets
---------------------------------------------------------------------------------
---------------------------------------------------------------------------------
Finished Renaming Generated Nets : Time (s): cpu = 00:00:32 ; elapsed = 00:00:35 . Memory (MB): peak = 1588.797 ; gain = 983.281
---------------------------------------------------------------------------------
---------------------------------------------------------------------------------
Start Writing Synthesis Report
---------------------------------------------------------------------------------

Report BlackBoxes: 
+-+--------------+----------+
| |BlackBox name |Instances |
+-+--------------+----------+
+-+--------------+----------+

Report Cell Usage: 
+------+-------+------+
|      |Cell   |Count |
+------+-------+------+
|1     |CARRY4 |     9|
|2     |LUT2   |    32|
|3     |IBUF   |    65|
|4     |OBUF   |    33|
+------+-------+------+
---------------------------------------------------------------------------------
Finished Writing Synthesis Report : Time (s): cpu = 00:00:32 ; elapsed = 00:00:35 . Memory (MB): peak = 1588.797 ; gain = 983.281
---------------------------------------------------------------------------------
Synthesis finished with 0 errors, 0 critical warnings and 1 warnings.
Synthesis Optimization Runtime : Time (s): cpu = 00:00:23 ; elapsed = 00:00:32 . Memory (MB): peak = 1588.797 ; gain = 970.883
Synthesis Optimization Complete : Time (s): cpu = 00:00:33 ; elapsed = 00:00:35 . Memory (MB): peak = 1588.797 ; gain = 983.281
INFO: [Project 1-571] Translating synthesized netlist
Netlist sorting complete. Time (s): cpu = 00:00:00 ; elapsed = 00:00:00.001 . Memory (MB): peak = 1588.797 ; gain = 0.000
INFO: [Netlist 29-17] Analyzing 9 Unisim elements for replacement
INFO: [Netlist 29-28] Unisim Transformation completed in 0 CPU seconds
INFO: [Project 1-570] Preparing netlist for logic optimization
INFO: [Opt 31-138] Pushed 0 inverter(s) to 0 load pin(s).
Netlist sorting complete. Time (s): cpu = 00:00:00 ; elapsed = 00:00:00 . Memory (MB): peak = 1588.797 ; gain = 0.000
INFO: [Project 1-111] Unisim Transformation Summary:
No Unisim elements were transformed.

Synth Design complete | Checksum: 6c4eb156
INFO: [Common 17-83] Releasing license: Synthesis
16 Infos, 61 Warnings, 60 Critical Warnings and 0 Errors encountered.
synth_design completed successfully
synth_design: Time (s): cpu = 00:00:38 ; elapsed = 00:00:44 . Memory (MB): peak = 1588.797 ; gain = 1222.180
INFO: [runtcl-6] Synthesis results are not added to the cache due to CRITICAL_WARNING
Write ShapeDB Complete: Time (s): cpu = 00:00:00 ; elapsed = 00:00:00.002 . Memory (MB): peak = 1588.797 ; gain = 0.000
INFO: [Common 17-1381] The checkpoint 'E:/Learing Doc/github/alu_homework/alu.runs/synth_1/adder.dcp' has been generated.
INFO: [Vivado 12-24828] Executing command : report_utilization -file adder_utilization_synth.rpt -pb adder_utilization_synth.pb
INFO: [Common 17-206] Exiting Vivado at Fri Mar  7 00:42:25 2025...
